The system is: Darwin - 17.3.0 - x86_64
Compiling the C compiler identification source file "CMakeCCompilerId.c" succeeded.
Compiler: /Library/Developer/CommandLineTools/usr/bin/cc 
Build flags: 
Id flags:  

The output was:
0


Compilation of the C compiler identification source "CMakeCCompilerId.c" produced "a.out"

The C compiler identification is AppleClang, found in "/Users/liliqiang/Documents/VisualSFM/CMVS-PMVS-master/program/build/CMakeFiles/3.8.0-rc2/CompilerIdC/a.out"

Compiling the CXX compiler identification source file "CMakeCXXCompilerId.cpp" succeeded.
Compiler: /Library/Developer/CommandLineTools/usr/bin/c++ 
Build flags: 
Id flags:  

The output was:
0


Compilation of the CXX compiler identification source "CMakeCXXCompilerId.cpp" produced "a.out"

The CXX compiler identification is AppleClang, found in "/Users/liliqiang/Documents/VisualSFM/CMVS-PMVS-master/program/build/CMakeFiles/3.8.0-rc2/CompilerIdCXX/a.out"

Determining if the C compiler works passed with the following output:
Change Dir: /Users/liliqiang/Documents/VisualSFM/CMVS-PMVS-master/program/build/CMakeFiles/CMakeTmp

Run Build Command:"/usr/bin/make" "cmTC_42515/fast"
/Library/Developer/CommandLineTools/usr/bin/make -f CMakeFiles/cmTC_42515.dir/build.make CMakeFiles/cmTC_42515.dir/build
Building C object CMakeFiles/cmTC_42515.dir/testCCompiler.c.o
/Library/Developer/CommandLineTools/usr/bin/cc    -o CMakeFiles/cmTC_42515.dir/testCCompiler.c.o   -c /Users/liliqiang/Documents/VisualSFM/CMVS-PMVS-master/program/build/CMakeFiles/CMakeTmp/testCCompiler.c
Linking C executable cmTC_42515
/usr/local/bin/cmake -E cmake_link_script CMakeFiles/cmTC_42515.dir/link.txt --verbose=1
/Library/Developer/CommandLineTools/usr/bin/cc   -Wl,-search_paths_first -Wl,-headerpad_max_install_names   CMakeFiles/cmTC_42515.dir/testCCompiler.c.o  -o cmTC_42515 


Detecting C compiler ABI info compiled with the following output:
Change Dir: /Users/liliqiang/Documents/VisualSFM/CMVS-PMVS-master/program/build/CMakeFiles/CMakeTmp

Run Build Command:"/usr/bin/make" "cmTC_046b5/fast"
/Library/Developer/CommandLineTools/usr/bin/make -f CMakeFiles/cmTC_046b5.dir/build.make CMakeFiles/cmTC_046b5.dir/build
Building C object CMakeFiles/cmTC_046b5.dir/CMakeCCompilerABI.c.o
/Library/Developer/CommandLineTools/usr/bin/cc    -o CMakeFiles/cmTC_046b5.dir/CMakeCCompilerABI.c.o   -c /usr/local/share/cmake-3.8/Modules/CMakeCCompilerABI.c
Linking C executable cmTC_046b5
/usr/local/bin/cmake -E cmake_link_script CMakeFiles/cmTC_046b5.dir/link.txt --verbose=1
/Library/Developer/CommandLineTools/usr/bin/cc   -Wl,-search_paths_first -Wl,-headerpad_max_install_names  -v -Wl,-v CMakeFiles/cmTC_046b5.dir/CMakeCCompilerABI.c.o  -o cmTC_046b5 
Apple LLVM version 9.0.0 (clang-900.0.39.2)
Target: x86_64-apple-darwin17.3.0
Thread model: posix
InstalledDir: /Library/Developer/CommandLineTools/usr/bin
 "/Library/Developer/CommandLineTools/usr/bin/ld" -demangle -lto_library /Library/Developer/CommandLineTools/usr/lib/libLTO.dylib -dynamic -arch x86_64 -macosx_version_min 10.13.0 -o cmTC_046b5 -search_paths_first -headerpad_max_install_names -v CMakeFiles/cmTC_046b5.dir/CMakeCCompilerABI.c.o -lSystem /Library/Developer/CommandLineTools/usr/lib/clang/9.0.0/lib/darwin/libclang_rt.osx.a
@(#)PROGRAM:ld  PROJECT:ld64-305
configured to support archs: armv6 armv7 armv7s arm64 i386 x86_64 x86_64h armv6m armv7k armv7m armv7em (tvOS)
Library search paths:
	/usr/lib
	/usr/local/lib
Framework search paths:
	/Library/Frameworks/
	/System/Library/Frameworks/


Parsed C implicit link information from above output:
  link line regex: [^( *|.*[/\])(ld|([^/\]+-)?ld|collect2)[^/\]*( |$)]
  ignore line: [Change Dir: /Users/liliqiang/Documents/VisualSFM/CMVS-PMVS-master/program/build/CMakeFiles/CMakeTmp]
  ignore line: []
  ignore line: [Run Build Command:"/usr/bin/make" "cmTC_046b5/fast"]
  ignore line: [/Library/Developer/CommandLineTools/usr/bin/make -f CMakeFiles/cmTC_046b5.dir/build.make CMakeFiles/cmTC_046b5.dir/build]
  ignore line: [Building C object CMakeFiles/cmTC_046b5.dir/CMakeCCompilerABI.c.o]
  ignore line: [/Library/Developer/CommandLineTools/usr/bin/cc    -o CMakeFiles/cmTC_046b5.dir/CMakeCCompilerABI.c.o   -c /usr/local/share/cmake-3.8/Modules/CMakeCCompilerABI.c]
  ignore line: [Linking C executable cmTC_046b5]
  ignore line: [/usr/local/bin/cmake -E cmake_link_script CMakeFiles/cmTC_046b5.dir/link.txt --verbose=1]
  ignore line: [/Library/Developer/CommandLineTools/usr/bin/cc   -Wl,-search_paths_first -Wl,-headerpad_max_install_names  -v -Wl,-v CMakeFiles/cmTC_046b5.dir/CMakeCCompilerABI.c.o  -o cmTC_046b5 ]
  ignore line: [Apple LLVM version 9.0.0 (clang-900.0.39.2)]
  ignore line: [Target: x86_64-apple-darwin17.3.0]
  ignore line: [Thread model: posix]
  ignore line: [InstalledDir: /Library/Developer/CommandLineTools/usr/bin]
  link line: [ "/Library/Developer/CommandLineTools/usr/bin/ld" -demangle -lto_library /Library/Developer/CommandLineTools/usr/lib/libLTO.dylib -dynamic -arch x86_64 -macosx_version_min 10.13.0 -o cmTC_046b5 -search_paths_first -headerpad_max_install_names -v CMakeFiles/cmTC_046b5.dir/CMakeCCompilerABI.c.o -lSystem /Library/Developer/CommandLineTools/usr/lib/clang/9.0.0/lib/darwin/libclang_rt.osx.a]
    arg [/Library/Developer/CommandLineTools/usr/bin/ld] ==> ignore
    arg [-demangle] ==> ignore
    arg [-lto_library] ==> lib [to_library]
    arg [/Library/Developer/CommandLineTools/usr/lib/libLTO.dylib] ==> ignore
    arg [-dynamic] ==> ignore
    arg [-arch] ==> ignore
    arg [x86_64] ==> ignore
    arg [-macosx_version_min] ==> ignore
    arg [10.13.0] ==> ignore
    arg [-o] ==> ignore
    arg [cmTC_046b5] ==> ignore
    arg [-search_paths_first] ==> ignore
    arg [-headerpad_max_install_names] ==> ignore
    arg [-v] ==> ignore
    arg [CMakeFiles/cmTC_046b5.dir/CMakeCCompilerABI.c.o] ==> ignore
    arg [-lSystem] ==> lib [System]
    arg [/Library/Developer/CommandLineTools/usr/lib/clang/9.0.0/lib/darwin/libclang_rt.osx.a] ==> lib [/Library/Developer/CommandLineTools/usr/lib/clang/9.0.0/lib/darwin/libclang_rt.osx.a]
  Library search paths: [;/usr/lib;/usr/local/lib]
  Framework search paths: [;/Library/Frameworks/;/System/Library/Frameworks/]
  remove lib [System]
  remove lib [/Library/Developer/CommandLineTools/usr/lib/clang/9.0.0/lib/darwin/libclang_rt.osx.a]
  collapse library dir [/usr/lib] ==> [/usr/lib]
  collapse library dir [/usr/local/lib] ==> [/usr/local/lib]
  collapse framework dir [/Library/Frameworks/] ==> [/Library/Frameworks]
  collapse framework dir [/System/Library/Frameworks/] ==> [/System/Library/Frameworks]
  implicit libs: [to_library]
  implicit dirs: [/usr/lib;/usr/local/lib]
  implicit fwks: [/Library/Frameworks;/System/Library/Frameworks]




Detecting C [-std=c11] compiler features compiled with the following output:
Change Dir: /Users/liliqiang/Documents/VisualSFM/CMVS-PMVS-master/program/build/CMakeFiles/CMakeTmp

Run Build Command:"/usr/bin/make" "cmTC_4717a/fast"
/Library/Developer/CommandLineTools/usr/bin/make -f CMakeFiles/cmTC_4717a.dir/build.make CMakeFiles/cmTC_4717a.dir/build
Building C object CMakeFiles/cmTC_4717a.dir/feature_tests.c.o
/Library/Developer/CommandLineTools/usr/bin/cc   -std=c11 -o CMakeFiles/cmTC_4717a.dir/feature_tests.c.o   -c /Users/liliqiang/Documents/VisualSFM/CMVS-PMVS-master/program/build/CMakeFiles/feature_tests.c
Linking C executable cmTC_4717a
/usr/local/bin/cmake -E cmake_link_script CMakeFiles/cmTC_4717a.dir/link.txt --verbose=1
/Library/Developer/CommandLineTools/usr/bin/cc   -Wl,-search_paths_first -Wl,-headerpad_max_install_names   CMakeFiles/cmTC_4717a.dir/feature_tests.c.o  -o cmTC_4717a 


    Feature record: C_FEATURE:1c_function_prototypes
    Feature record: C_FEATURE:1c_restrict
    Feature record: C_FEATURE:1c_static_assert
    Feature record: C_FEATURE:1c_variadic_macros


Detecting C [-std=c99] compiler features compiled with the following output:
Change Dir: /Users/liliqiang/Documents/VisualSFM/CMVS-PMVS-master/program/build/CMakeFiles/CMakeTmp

Run Build Command:"/usr/bin/make" "cmTC_bc487/fast"
/Library/Developer/CommandLineTools/usr/bin/make -f CMakeFiles/cmTC_bc487.dir/build.make CMakeFiles/cmTC_bc487.dir/build
Building C object CMakeFiles/cmTC_bc487.dir/feature_tests.c.o
/Library/Developer/CommandLineTools/usr/bin/cc   -std=c99 -o CMakeFiles/cmTC_bc487.dir/feature_tests.c.o   -c /Users/liliqiang/Documents/VisualSFM/CMVS-PMVS-master/program/build/CMakeFiles/feature_tests.c
Linking C executable cmTC_bc487
/usr/local/bin/cmake -E cmake_link_script CMakeFiles/cmTC_bc487.dir/link.txt --verbose=1
/Library/Developer/CommandLineTools/usr/bin/cc   -Wl,-search_paths_first -Wl,-headerpad_max_install_names   CMakeFiles/cmTC_bc487.dir/feature_tests.c.o  -o cmTC_bc487 


    Feature record: C_FEATURE:1c_function_prototypes
    Feature record: C_FEATURE:1c_restrict
    Feature record: C_FEATURE:0c_static_assert
    Feature record: C_FEATURE:1c_variadic_macros


Detecting C [-std=c90] compiler features compiled with the following output:
Change Dir: /Users/liliqiang/Documents/VisualSFM/CMVS-PMVS-master/program/build/CMakeFiles/CMakeTmp

Run Build Command:"/usr/bin/make" "cmTC_9e277/fast"
/Library/Developer/CommandLineTools/usr/bin/make -f CMakeFiles/cmTC_9e277.dir/build.make CMakeFiles/cmTC_9e277.dir/build
Building C object CMakeFiles/cmTC_9e277.dir/feature_tests.c.o
/Library/Developer/CommandLineTools/usr/bin/cc   -std=c90 -o CMakeFiles/cmTC_9e277.dir/feature_tests.c.o   -c /Users/liliqiang/Documents/VisualSFM/CMVS-PMVS-master/program/build/CMakeFiles/feature_tests.c
Linking C executable cmTC_9e277
/usr/local/bin/cmake -E cmake_link_script CMakeFiles/cmTC_9e277.dir/link.txt --verbose=1
/Library/Developer/CommandLineTools/usr/bin/cc   -Wl,-search_paths_first -Wl,-headerpad_max_install_names   CMakeFiles/cmTC_9e277.dir/feature_tests.c.o  -o cmTC_9e277 


    Feature record: C_FEATURE:1c_function_prototypes
    Feature record: C_FEATURE:0c_restrict
    Feature record: C_FEATURE:0c_static_assert
    Feature record: C_FEATURE:0c_variadic_macros
Determining if the CXX compiler works passed with the following output:
Change Dir: /Users/liliqiang/Documents/VisualSFM/CMVS-PMVS-master/program/build/CMakeFiles/CMakeTmp

Run Build Command:"/usr/bin/make" "cmTC_79d56/fast"
/Library/Developer/CommandLineTools/usr/bin/make -f CMakeFiles/cmTC_79d56.dir/build.make CMakeFiles/cmTC_79d56.dir/build
Building CXX object CMakeFiles/cmTC_79d56.dir/testCXXCompiler.cxx.o
/Library/Developer/CommandLineTools/usr/bin/c++     -o CMakeFiles/cmTC_79d56.dir/testCXXCompiler.cxx.o -c /Users/liliqiang/Documents/VisualSFM/CMVS-PMVS-master/program/build/CMakeFiles/CMakeTmp/testCXXCompiler.cxx
Linking CXX executable cmTC_79d56
/usr/local/bin/cmake -E cmake_link_script CMakeFiles/cmTC_79d56.dir/link.txt --verbose=1
/Library/Developer/CommandLineTools/usr/bin/c++    -Wl,-search_paths_first -Wl,-headerpad_max_install_names   CMakeFiles/cmTC_79d56.dir/testCXXCompiler.cxx.o  -o cmTC_79d56 


Detecting CXX compiler ABI info compiled with the following output:
Change Dir: /Users/liliqiang/Documents/VisualSFM/CMVS-PMVS-master/program/build/CMakeFiles/CMakeTmp

Run Build Command:"/usr/bin/make" "cmTC_23cd3/fast"
/Library/Developer/CommandLineTools/usr/bin/make -f CMakeFiles/cmTC_23cd3.dir/build.make CMakeFiles/cmTC_23cd3.dir/build
Building CXX object CMakeFiles/cmTC_23cd3.dir/CMakeCXXCompilerABI.cpp.o
/Library/Developer/CommandLineTools/usr/bin/c++     -o CMakeFiles/cmTC_23cd3.dir/CMakeCXXCompilerABI.cpp.o -c /usr/local/share/cmake-3.8/Modules/CMakeCXXCompilerABI.cpp
Linking CXX executable cmTC_23cd3
/usr/local/bin/cmake -E cmake_link_script CMakeFiles/cmTC_23cd3.dir/link.txt --verbose=1
/Library/Developer/CommandLineTools/usr/bin/c++    -Wl,-search_paths_first -Wl,-headerpad_max_install_names  -v -Wl,-v CMakeFiles/cmTC_23cd3.dir/CMakeCXXCompilerABI.cpp.o  -o cmTC_23cd3 
Apple LLVM version 9.0.0 (clang-900.0.39.2)
Target: x86_64-apple-darwin17.3.0
Thread model: posix
InstalledDir: /Library/Developer/CommandLineTools/usr/bin
 "/Library/Developer/CommandLineTools/usr/bin/ld" -demangle -lto_library /Library/Developer/CommandLineTools/usr/lib/libLTO.dylib -dynamic -arch x86_64 -macosx_version_min 10.13.0 -o cmTC_23cd3 -search_paths_first -headerpad_max_install_names -v CMakeFiles/cmTC_23cd3.dir/CMakeCXXCompilerABI.cpp.o -lc++ -lSystem /Library/Developer/CommandLineTools/usr/lib/clang/9.0.0/lib/darwin/libclang_rt.osx.a
@(#)PROGRAM:ld  PROJECT:ld64-305
configured to support archs: armv6 armv7 armv7s arm64 i386 x86_64 x86_64h armv6m armv7k armv7m armv7em (tvOS)
Library search paths:
	/usr/lib
	/usr/local/lib
Framework search paths:
	/Library/Frameworks/
	/System/Library/Frameworks/


Parsed CXX implicit link information from above output:
  link line regex: [^( *|.*[/\])(ld|([^/\]+-)?ld|collect2)[^/\]*( |$)]
  ignore line: [Change Dir: /Users/liliqiang/Documents/VisualSFM/CMVS-PMVS-master/program/build/CMakeFiles/CMakeTmp]
  ignore line: []
  ignore line: [Run Build Command:"/usr/bin/make" "cmTC_23cd3/fast"]
  ignore line: [/Library/Developer/CommandLineTools/usr/bin/make -f CMakeFiles/cmTC_23cd3.dir/build.make CMakeFiles/cmTC_23cd3.dir/build]
  ignore line: [Building CXX object CMakeFiles/cmTC_23cd3.dir/CMakeCXXCompilerABI.cpp.o]
  ignore line: [/Library/Developer/CommandLineTools/usr/bin/c++     -o CMakeFiles/cmTC_23cd3.dir/CMakeCXXCompilerABI.cpp.o -c /usr/local/share/cmake-3.8/Modules/CMakeCXXCompilerABI.cpp]
  ignore line: [Linking CXX executable cmTC_23cd3]
  ignore line: [/usr/local/bin/cmake -E cmake_link_script CMakeFiles/cmTC_23cd3.dir/link.txt --verbose=1]
  ignore line: [/Library/Developer/CommandLineTools/usr/bin/c++    -Wl,-search_paths_first -Wl,-headerpad_max_install_names  -v -Wl,-v CMakeFiles/cmTC_23cd3.dir/CMakeCXXCompilerABI.cpp.o  -o cmTC_23cd3 ]
  ignore line: [Apple LLVM version 9.0.0 (clang-900.0.39.2)]
  ignore line: [Target: x86_64-apple-darwin17.3.0]
  ignore line: [Thread model: posix]
  ignore line: [InstalledDir: /Library/Developer/CommandLineTools/usr/bin]
  link line: [ "/Library/Developer/CommandLineTools/usr/bin/ld" -demangle -lto_library /Library/Developer/CommandLineTools/usr/lib/libLTO.dylib -dynamic -arch x86_64 -macosx_version_min 10.13.0 -o cmTC_23cd3 -search_paths_first -headerpad_max_install_names -v CMakeFiles/cmTC_23cd3.dir/CMakeCXXCompilerABI.cpp.o -lc++ -lSystem /Library/Developer/CommandLineTools/usr/lib/clang/9.0.0/lib/darwin/libclang_rt.osx.a]
    arg [/Library/Developer/CommandLineTools/usr/bin/ld] ==> ignore
    arg [-demangle] ==> ignore
    arg [-lto_library] ==> lib [to_library]
    arg [/Library/Developer/CommandLineTools/usr/lib/libLTO.dylib] ==> ignore
    arg [-dynamic] ==> ignore
    arg [-arch] ==> ignore
    arg [x86_64] ==> ignore
    arg [-macosx_version_min] ==> ignore
    arg [10.13.0] ==> ignore
    arg [-o] ==> ignore
    arg [cmTC_23cd3] ==> ignore
    arg [-search_paths_first] ==> ignore
    arg [-headerpad_max_install_names] ==> ignore
    arg [-v] ==> ignore
    arg [CMakeFiles/cmTC_23cd3.dir/CMakeCXXCompilerABI.cpp.o] ==> ignore
    arg [-lc++] ==> lib [c++]
    arg [-lSystem] ==> lib [System]
    arg [/Library/Developer/CommandLineTools/usr/lib/clang/9.0.0/lib/darwin/libclang_rt.osx.a] ==> lib [/Library/Developer/CommandLineTools/usr/lib/clang/9.0.0/lib/darwin/libclang_rt.osx.a]
  Library search paths: [;/usr/lib;/usr/local/lib]
  Framework search paths: [;/Library/Frameworks/;/System/Library/Frameworks/]
  remove lib [System]
  remove lib [/Library/Developer/CommandLineTools/usr/lib/clang/9.0.0/lib/darwin/libclang_rt.osx.a]
  collapse library dir [/usr/lib] ==> [/usr/lib]
  collapse library dir [/usr/local/lib] ==> [/usr/local/lib]
  collapse framework dir [/Library/Frameworks/] ==> [/Library/Frameworks]
  collapse framework dir [/System/Library/Frameworks/] ==> [/System/Library/Frameworks]
  implicit libs: [to_library;c++]
  implicit dirs: [/usr/lib;/usr/local/lib]
  implicit fwks: [/Library/Frameworks;/System/Library/Frameworks]




Detecting CXX [-std=c++1z] compiler features compiled with the following output:
Change Dir: /Users/liliqiang/Documents/VisualSFM/CMVS-PMVS-master/program/build/CMakeFiles/CMakeTmp

Run Build Command:"/usr/bin/make" "cmTC_40d59/fast"
/Library/Developer/CommandLineTools/usr/bin/make -f CMakeFiles/cmTC_40d59.dir/build.make CMakeFiles/cmTC_40d59.dir/build
Building CXX object CMakeFiles/cmTC_40d59.dir/feature_tests.cxx.o
/Library/Developer/CommandLineTools/usr/bin/c++    -std=c++1z -o CMakeFiles/cmTC_40d59.dir/feature_tests.cxx.o -c /Users/liliqiang/Documents/VisualSFM/CMVS-PMVS-master/program/build/CMakeFiles/feature_tests.cxx
Linking CXX executable cmTC_40d59
/usr/local/bin/cmake -E cmake_link_script CMakeFiles/cmTC_40d59.dir/link.txt --verbose=1
/Library/Developer/CommandLineTools/usr/bin/c++    -Wl,-search_paths_first -Wl,-headerpad_max_install_names   CMakeFiles/cmTC_40d59.dir/feature_tests.cxx.o  -o cmTC_40d59 


    Feature record: CXX_FEATURE:1cxx_aggregate_default_initializers
    Feature record: CXX_FEATURE:1cxx_alias_templates
    Feature record: CXX_FEATURE:1cxx_alignas
    Feature record: CXX_FEATURE:1cxx_alignof
    Feature record: CXX_FEATURE:1cxx_attributes
    Feature record: CXX_FEATURE:1cxx_attribute_deprecated
    Feature record: CXX_FEATURE:1cxx_auto_type
    Feature record: CXX_FEATURE:1cxx_binary_literals
    Feature record: CXX_FEATURE:1cxx_constexpr
    Feature record: CXX_FEATURE:1cxx_contextual_conversions
    Feature record: CXX_FEATURE:1cxx_decltype
    Feature record: CXX_FEATURE:1cxx_decltype_auto
    Feature record: CXX_FEATURE:1cxx_decltype_incomplete_return_types
    Feature record: CXX_FEATURE:1cxx_default_function_template_args
    Feature record: CXX_FEATURE:1cxx_defaulted_functions
    Feature record: CXX_FEATURE:1cxx_defaulted_move_initializers
    Feature record: CXX_FEATURE:1cxx_delegating_constructors
    Feature record: CXX_FEATURE:1cxx_deleted_functions
    Feature record: CXX_FEATURE:1cxx_digit_separators
    Feature record: CXX_FEATURE:1cxx_enum_forward_declarations
    Feature record: CXX_FEATURE:1cxx_explicit_conversions
    Feature record: CXX_FEATURE:1cxx_extended_friend_declarations
    Feature record: CXX_FEATURE:1cxx_extern_templates
    Feature record: CXX_FEATURE:1cxx_final
    Feature record: CXX_FEATURE:1cxx_func_identifier
    Feature record: CXX_FEATURE:1cxx_generalized_initializers
    Feature record: CXX_FEATURE:1cxx_generic_lambdas
    Feature record: CXX_FEATURE:1cxx_inheriting_constructors
    Feature record: CXX_FEATURE:1cxx_inline_namespaces
    Feature record: CXX_FEATURE:1cxx_lambdas
    Feature record: CXX_FEATURE:1cxx_lambda_init_captures
    Feature record: CXX_FEATURE:1cxx_local_type_template_args
    Feature record: CXX_FEATURE:1cxx_long_long_type
    Feature record: CXX_FEATURE:1cxx_noexcept
    Feature record: CXX_FEATURE:1cxx_nonstatic_member_init
    Feature record: CXX_FEATURE:1cxx_nullptr
    Feature record: CXX_FEATURE:1cxx_override
    Feature record: CXX_FEATURE:1cxx_range_for
    Feature record: CXX_FEATURE:1cxx_raw_string_literals
    Feature record: CXX_FEATURE:1cxx_reference_qualified_functions
    Feature record: CXX_FEATURE:1cxx_relaxed_constexpr
    Feature record: CXX_FEATURE:1cxx_return_type_deduction
    Feature record: CXX_FEATURE:1cxx_right_angle_brackets
    Feature record: CXX_FEATURE:1cxx_rvalue_references
    Feature record: CXX_FEATURE:1cxx_sizeof_member
    Feature record: CXX_FEATURE:1cxx_static_assert
    Feature record: CXX_FEATURE:1cxx_strong_enums
    Feature record: CXX_FEATURE:1cxx_template_template_parameters
    Feature record: CXX_FEATURE:1cxx_thread_local
    Feature record: CXX_FEATURE:1cxx_trailing_return_types
    Feature record: CXX_FEATURE:1cxx_unicode_literals
    Feature record: CXX_FEATURE:1cxx_uniform_initialization
    Feature record: CXX_FEATURE:1cxx_unrestricted_unions
    Feature record: CXX_FEATURE:1cxx_user_literals
    Feature record: CXX_FEATURE:1cxx_variable_templates
    Feature record: CXX_FEATURE:1cxx_variadic_macros
    Feature record: CXX_FEATURE:1cxx_variadic_templates


Detecting CXX [-std=c++14] compiler features compiled with the following output:
Change Dir: /Users/liliqiang/Documents/VisualSFM/CMVS-PMVS-master/program/build/CMakeFiles/CMakeTmp

Run Build Command:"/usr/bin/make" "cmTC_7bf11/fast"
/Library/Developer/CommandLineTools/usr/bin/make -f CMakeFiles/cmTC_7bf11.dir/build.make CMakeFiles/cmTC_7bf11.dir/build
Building CXX object CMakeFiles/cmTC_7bf11.dir/feature_tests.cxx.o
/Library/Developer/CommandLineTools/usr/bin/c++    -std=c++14 -o CMakeFiles/cmTC_7bf11.dir/feature_tests.cxx.o -c /Users/liliqiang/Documents/VisualSFM/CMVS-PMVS-master/program/build/CMakeFiles/feature_tests.cxx
Linking CXX executable cmTC_7bf11
/usr/local/bin/cmake -E cmake_link_script CMakeFiles/cmTC_7bf11.dir/link.txt --verbose=1
/Library/Developer/CommandLineTools/usr/bin/c++    -Wl,-search_paths_first -Wl,-headerpad_max_install_names   CMakeFiles/cmTC_7bf11.dir/feature_tests.cxx.o  -o cmTC_7bf11 


    Feature record: CXX_FEATURE:1cxx_aggregate_default_initializers
    Feature record: CXX_FEATURE:1cxx_alias_templates
    Feature record: CXX_FEATURE:1cxx_alignas
    Feature record: CXX_FEATURE:1cxx_alignof
    Feature record: CXX_FEATURE:1cxx_attributes
    Feature record: CXX_FEATURE:1cxx_attribute_deprecated
    Feature record: CXX_FEATURE:1cxx_auto_type
    Feature record: CXX_FEATURE:1cxx_binary_literals
    Feature record: CXX_FEATURE:1cxx_constexpr
    Feature record: CXX_FEATURE:1cxx_contextual_conversions
    Feature record: CXX_FEATURE:1cxx_decltype
    Feature record: CXX_FEATURE:1cxx_decltype_auto
    Feature record: CXX_FEATURE:1cxx_decltype_incomplete_return_types
    Feature record: CXX_FEATURE:1cxx_default_function_template_args
    Feature record: CXX_FEATURE:1cxx_defaulted_functions
    Feature record: CXX_FEATURE:1cxx_defaulted_move_initializers
    Feature record: CXX_FEATURE:1cxx_delegating_constructors
    Feature record: CXX_FEATURE:1cxx_deleted_functions
    Feature record: CXX_FEATURE:1cxx_digit_separators
    Feature record: CXX_FEATURE:1cxx_enum_forward_declarations
    Feature record: CXX_FEATURE:1cxx_explicit_conversions
    Feature record: CXX_FEATURE:1cxx_extended_friend_declarations
    Feature record: CXX_FEATURE:1cxx_extern_templates
    Feature record: CXX_FEATURE:1cxx_final
    Feature record: CXX_FEATURE:1cxx_func_identifier
    Feature record: CXX_FEATURE:1cxx_generalized_initializers
    Feature record: CXX_FEATURE:1cxx_generic_lambdas
    Feature record: CXX_FEATURE:1cxx_inheriting_constructors
    Feature record: CXX_FEATURE:1cxx_inline_namespaces
    Feature record: CXX_FEATURE:1cxx_lambdas
    Feature record: CXX_FEATURE:1cxx_lambda_init_captures
    Feature record: CXX_FEATURE:1cxx_local_type_template_args
    Feature record: CXX_FEATURE:1cxx_long_long_type
    Feature record: CXX_FEATURE:1cxx_noexcept
    Feature record: CXX_FEATURE:1cxx_nonstatic_member_init
    Feature record: CXX_FEATURE:1cxx_nullptr
    Feature record: CXX_FEATURE:1cxx_override
    Feature record: CXX_FEATURE:1cxx_range_for
    Feature record: CXX_FEATURE:1cxx_raw_string_literals
    Feature record: CXX_FEATURE:1cxx_reference_qualified_functions
    Feature record: CXX_FEATURE:1cxx_relaxed_constexpr
    Feature record: CXX_FEATURE:1cxx_return_type_deduction
    Feature record: CXX_FEATURE:1cxx_right_angle_brackets
    Feature record: CXX_FEATURE:1cxx_rvalue_references
    Feature record: CXX_FEATURE:1cxx_sizeof_member
    Feature record: CXX_FEATURE:1cxx_static_assert
    Feature record: CXX_FEATURE:1cxx_strong_enums
    Feature record: CXX_FEATURE:1cxx_template_template_parameters
    Feature record: CXX_FEATURE:1cxx_thread_local
    Feature record: CXX_FEATURE:1cxx_trailing_return_types
    Feature record: CXX_FEATURE:1cxx_unicode_literals
    Feature record: CXX_FEATURE:1cxx_uniform_initialization
    Feature record: CXX_FEATURE:1cxx_unrestricted_unions
    Feature record: CXX_FEATURE:1cxx_user_literals
    Feature record: CXX_FEATURE:1cxx_variable_templates
    Feature record: CXX_FEATURE:1cxx_variadic_macros
    Feature record: CXX_FEATURE:1cxx_variadic_templates


Detecting CXX [-std=c++11] compiler features compiled with the following output:
Change Dir: /Users/liliqiang/Documents/VisualSFM/CMVS-PMVS-master/program/build/CMakeFiles/CMakeTmp

Run Build Command:"/usr/bin/make" "cmTC_f10c4/fast"
/Library/Developer/CommandLineTools/usr/bin/make -f CMakeFiles/cmTC_f10c4.dir/build.make CMakeFiles/cmTC_f10c4.dir/build
Building CXX object CMakeFiles/cmTC_f10c4.dir/feature_tests.cxx.o
/Library/Developer/CommandLineTools/usr/bin/c++    -std=c++11 -o CMakeFiles/cmTC_f10c4.dir/feature_tests.cxx.o -c /Users/liliqiang/Documents/VisualSFM/CMVS-PMVS-master/program/build/CMakeFiles/feature_tests.cxx
Linking CXX executable cmTC_f10c4
/usr/local/bin/cmake -E cmake_link_script CMakeFiles/cmTC_f10c4.dir/link.txt --verbose=1
/Library/Developer/CommandLineTools/usr/bin/c++    -Wl,-search_paths_first -Wl,-headerpad_max_install_names   CMakeFiles/cmTC_f10c4.dir/feature_tests.cxx.o  -o cmTC_f10c4 


    Feature record: CXX_FEATURE:0cxx_aggregate_default_initializers
    Feature record: CXX_FEATURE:1cxx_alias_templates
    Feature record: CXX_FEATURE:1cxx_alignas
    Feature record: CXX_FEATURE:1cxx_alignof
    Feature record: CXX_FEATURE:1cxx_attributes
    Feature record: CXX_FEATURE:0cxx_attribute_deprecated
    Feature record: CXX_FEATURE:1cxx_auto_type
    Feature record: CXX_FEATURE:0cxx_binary_literals
    Feature record: CXX_FEATURE:1cxx_constexpr
    Feature record: CXX_FEATURE:0cxx_contextual_conversions
    Feature record: CXX_FEATURE:1cxx_decltype
    Feature record: CXX_FEATURE:0cxx_decltype_auto
    Feature record: CXX_FEATURE:1cxx_decltype_incomplete_return_types
    Feature record: CXX_FEATURE:1cxx_default_function_template_args
    Feature record: CXX_FEATURE:1cxx_defaulted_functions
    Feature record: CXX_FEATURE:1cxx_defaulted_move_initializers
    Feature record: CXX_FEATURE:1cxx_delegating_constructors
    Feature record: CXX_FEATURE:1cxx_deleted_functions
    Feature record: CXX_FEATURE:0cxx_digit_separators
    Feature record: CXX_FEATURE:1cxx_enum_forward_declarations
    Feature record: CXX_FEATURE:1cxx_explicit_conversions
    Feature record: CXX_FEATURE:1cxx_extended_friend_declarations
    Feature record: CXX_FEATURE:1cxx_extern_templates
    Feature record: CXX_FEATURE:1cxx_final
    Feature record: CXX_FEATURE:1cxx_func_identifier
    Feature record: CXX_FEATURE:1cxx_generalized_initializers
    Feature record: CXX_FEATURE:0cxx_generic_lambdas
    Feature record: CXX_FEATURE:1cxx_inheriting_constructors
    Feature record: CXX_FEATURE:1cxx_inline_namespaces
    Feature record: CXX_FEATURE:1cxx_lambdas
    Feature record: CXX_FEATURE:0cxx_lambda_init_captures
    Feature record: CXX_FEATURE:1cxx_local_type_template_args
    Feature record: CXX_FEATURE:1cxx_long_long_type
    Feature record: CXX_FEATURE:1cxx_noexcept
    Feature record: CXX_FEATURE:1cxx_nonstatic_member_init
    Feature record: CXX_FEATURE:1cxx_nullptr
    Feature record: CXX_FEATURE:1cxx_override
    Feature record: CXX_FEATURE:1cxx_range_for
    Feature record: CXX_FEATURE:1cxx_raw_string_literals
    Feature record: CXX_FEATURE:1cxx_reference_qualified_functions
    Feature record: CXX_FEATURE:0cxx_relaxed_constexpr
    Feature record: CXX_FEATURE:0cxx_return_type_deduction
    Feature record: CXX_FEATURE:1cxx_right_angle_brackets
    Feature record: CXX_FEATURE:1cxx_rvalue_references
    Feature record: CXX_FEATURE:1cxx_sizeof_member
    Feature record: CXX_FEATURE:1cxx_static_assert
    Feature record: CXX_FEATURE:1cxx_strong_enums
    Feature record: CXX_FEATURE:1cxx_template_template_parameters
    Feature record: CXX_FEATURE:1cxx_thread_local
    Feature record: CXX_FEATURE:1cxx_trailing_return_types
    Feature record: CXX_FEATURE:1cxx_unicode_literals
    Feature record: CXX_FEATURE:1cxx_uniform_initialization
    Feature record: CXX_FEATURE:1cxx_unrestricted_unions
    Feature record: CXX_FEATURE:1cxx_user_literals
    Feature record: CXX_FEATURE:0cxx_variable_templates
    Feature record: CXX_FEATURE:1cxx_variadic_macros
    Feature record: CXX_FEATURE:1cxx_variadic_templates


Detecting CXX [-std=c++98] compiler features compiled with the following output:
Change Dir: /Users/liliqiang/Documents/VisualSFM/CMVS-PMVS-master/program/build/CMakeFiles/CMakeTmp

Run Build Command:"/usr/bin/make" "cmTC_256f1/fast"
/Library/Developer/CommandLineTools/usr/bin/make -f CMakeFiles/cmTC_256f1.dir/build.make CMakeFiles/cmTC_256f1.dir/build
Building CXX object CMakeFiles/cmTC_256f1.dir/feature_tests.cxx.o
/Library/Developer/CommandLineTools/usr/bin/c++    -std=c++98 -o CMakeFiles/cmTC_256f1.dir/feature_tests.cxx.o -c /Users/liliqiang/Documents/VisualSFM/CMVS-PMVS-master/program/build/CMakeFiles/feature_tests.cxx
Linking CXX executable cmTC_256f1
/usr/local/bin/cmake -E cmake_link_script CMakeFiles/cmTC_256f1.dir/link.txt --verbose=1
/Library/Developer/CommandLineTools/usr/bin/c++    -Wl,-search_paths_first -Wl,-headerpad_max_install_names   CMakeFiles/cmTC_256f1.dir/feature_tests.cxx.o  -o cmTC_256f1 


    Feature record: CXX_FEATURE:0cxx_aggregate_default_initializers
    Feature record: CXX_FEATURE:0cxx_alias_templates
    Feature record: CXX_FEATURE:0cxx_alignas
    Feature record: CXX_FEATURE:0cxx_alignof
    Feature record: CXX_FEATURE:0cxx_attributes
    Feature record: CXX_FEATURE:0cxx_attribute_deprecated
    Feature record: CXX_FEATURE:0cxx_auto_type
    Feature record: CXX_FEATURE:0cxx_binary_literals
    Feature record: CXX_FEATURE:0cxx_constexpr
    Feature record: CXX_FEATURE:0cxx_contextual_conversions
    Feature record: CXX_FEATURE:0cxx_decltype
    Feature record: CXX_FEATURE:0cxx_decltype_auto
    Feature record: CXX_FEATURE:0cxx_decltype_incomplete_return_types
    Feature record: CXX_FEATURE:0cxx_default_function_template_args
    Feature record: CXX_FEATURE:0cxx_defaulted_functions
    Feature record: CXX_FEATURE:0cxx_defaulted_move_initializers
    Feature record: CXX_FEATURE:0cxx_delegating_constructors
    Feature record: CXX_FEATURE:0cxx_deleted_functions
    Feature record: CXX_FEATURE:0cxx_digit_separators
    Feature record: CXX_FEATURE:0cxx_enum_forward_declarations
    Feature record: CXX_FEATURE:0cxx_explicit_conversions
    Feature record: CXX_FEATURE:0cxx_extended_friend_declarations
    Feature record: CXX_FEATURE:0cxx_extern_templates
    Feature record: CXX_FEATURE:0cxx_final
    Feature record: CXX_FEATURE:0cxx_func_identifier
    Feature record: CXX_FEATURE:0cxx_generalized_initializers
    Feature record: CXX_FEATURE:0cxx_generic_lambdas
    Feature record: CXX_FEATURE:0cxx_inheriting_constructors
    Feature record: CXX_FEATURE:0cxx_inline_namespaces
    Feature record: CXX_FEATURE:0cxx_lambdas
    Feature record: CXX_FEATURE:0cxx_lambda_init_captures
    Feature record: CXX_FEATURE:0cxx_local_type_template_args
    Feature record: CXX_FEATURE:0cxx_long_long_type
    Feature record: CXX_FEATURE:0cxx_noexcept
    Feature record: CXX_FEATURE:0cxx_nonstatic_member_init
    Feature record: CXX_FEATURE:0cxx_nullptr
    Feature record: CXX_FEATURE:0cxx_override
    Feature record: CXX_FEATURE:0cxx_range_for
    Feature record: CXX_FEATURE:0cxx_raw_string_literals
    Feature record: CXX_FEATURE:0cxx_reference_qualified_functions
    Feature record: CXX_FEATURE:0cxx_relaxed_constexpr
    Feature record: CXX_FEATURE:0cxx_return_type_deduction
    Feature record: CXX_FEATURE:0cxx_right_angle_brackets
    Feature record: CXX_FEATURE:0cxx_rvalue_references
    Feature record: CXX_FEATURE:0cxx_sizeof_member
    Feature record: CXX_FEATURE:0cxx_static_assert
    Feature record: CXX_FEATURE:0cxx_strong_enums
    Feature record: CXX_FEATURE:1cxx_template_template_parameters
    Feature record: CXX_FEATURE:0cxx_thread_local
    Feature record: CXX_FEATURE:0cxx_trailing_return_types
    Feature record: CXX_FEATURE:0cxx_unicode_literals
    Feature record: CXX_FEATURE:0cxx_uniform_initialization
    Feature record: CXX_FEATURE:0cxx_unrestricted_unions
    Feature record: CXX_FEATURE:0cxx_user_literals
    Feature record: CXX_FEATURE:0cxx_variable_templates
    Feature record: CXX_FEATURE:0cxx_variadic_macros
    Feature record: CXX_FEATURE:0cxx_variadic_templates
Determining if the include file pthread.h exists passed with the following output:
Change Dir: /Users/liliqiang/Documents/VisualSFM/CMVS-PMVS-master/program/build/CMakeFiles/CMakeTmp

Run Build Command:"/usr/bin/make" "cmTC_fa855/fast"
/Library/Developer/CommandLineTools/usr/bin/make -f CMakeFiles/cmTC_fa855.dir/build.make CMakeFiles/cmTC_fa855.dir/build
Building C object CMakeFiles/cmTC_fa855.dir/CheckIncludeFile.c.o
/Library/Developer/CommandLineTools/usr/bin/cc    -o CMakeFiles/cmTC_fa855.dir/CheckIncludeFile.c.o   -c /Users/liliqiang/Documents/VisualSFM/CMVS-PMVS-master/program/build/CMakeFiles/CMakeTmp/CheckIncludeFile.c
Linking C executable cmTC_fa855
/usr/local/bin/cmake -E cmake_link_script CMakeFiles/cmTC_fa855.dir/link.txt --verbose=1
/Library/Developer/CommandLineTools/usr/bin/cc   -Wl,-search_paths_first -Wl,-headerpad_max_install_names   CMakeFiles/cmTC_fa855.dir/CheckIncludeFile.c.o  -o cmTC_fa855 


Determining if the pthread_create exist passed with the following output:
Change Dir: /Users/liliqiang/Documents/VisualSFM/CMVS-PMVS-master/program/build/CMakeFiles/CMakeTmp

Run Build Command:"/usr/bin/make" "cmTC_f02c6/fast"
/Library/Developer/CommandLineTools/usr/bin/make -f CMakeFiles/cmTC_f02c6.dir/build.make CMakeFiles/cmTC_f02c6.dir/build
Building C object CMakeFiles/cmTC_f02c6.dir/CheckSymbolExists.c.o
/Library/Developer/CommandLineTools/usr/bin/cc    -o CMakeFiles/cmTC_f02c6.dir/CheckSymbolExists.c.o   -c /Users/liliqiang/Documents/VisualSFM/CMVS-PMVS-master/program/build/CMakeFiles/CMakeTmp/CheckSymbolExists.c
Linking C executable cmTC_f02c6
/usr/local/bin/cmake -E cmake_link_script CMakeFiles/cmTC_f02c6.dir/link.txt --verbose=1
/Library/Developer/CommandLineTools/usr/bin/cc   -Wl,-search_paths_first -Wl,-headerpad_max_install_names   CMakeFiles/cmTC_f02c6.dir/CheckSymbolExists.c.o  -o cmTC_f02c6 

File /Users/liliqiang/Documents/VisualSFM/CMVS-PMVS-master/program/build/CMakeFiles/CMakeTmp/CheckSymbolExists.c:
/* */
#include <pthread.h>

int main(int argc, char** argv)
{
  (void)argv;
#ifndef pthread_create
  return ((int*)(&pthread_create))[argc];
#else
  (void)argc;
  return 0;
#endif
}

Determining if files unistd.h exist passed with the following output:
Change Dir: /Users/liliqiang/Documents/VisualSFM/CMVS-PMVS-master/program/build/CMakeFiles/CMakeTmp

Run Build Command:"/usr/bin/make" "cmTC_cf874/fast"
/Library/Developer/CommandLineTools/usr/bin/make -f CMakeFiles/cmTC_cf874.dir/build.make CMakeFiles/cmTC_cf874.dir/build
Building C object CMakeFiles/cmTC_cf874.dir/CheckIncludeFiles.c.o
/Library/Developer/CommandLineTools/usr/bin/cc    -o CMakeFiles/cmTC_cf874.dir/CheckIncludeFiles.c.o   -c /Users/liliqiang/Documents/VisualSFM/CMVS-PMVS-master/program/build/CMakeFiles/CMakeTmp/CheckIncludeFiles.c
Linking C executable cmTC_cf874
/usr/local/bin/cmake -E cmake_link_script CMakeFiles/cmTC_cf874.dir/link.txt --verbose=1
/Library/Developer/CommandLineTools/usr/bin/cc   -Wl,-search_paths_first -Wl,-headerpad_max_install_names   CMakeFiles/cmTC_cf874.dir/CheckIncludeFiles.c.o  -o cmTC_cf874 


Determining if files string.h exist passed with the following output:
Change Dir: /Users/liliqiang/Documents/VisualSFM/CMVS-PMVS-master/program/build/CMakeFiles/CMakeTmp

Run Build Command:"/usr/bin/make" "cmTC_1d1e7/fast"
/Library/Developer/CommandLineTools/usr/bin/make -f CMakeFiles/cmTC_1d1e7.dir/build.make CMakeFiles/cmTC_1d1e7.dir/build
Building C object CMakeFiles/cmTC_1d1e7.dir/CheckIncludeFiles.c.o
/Library/Developer/CommandLineTools/usr/bin/cc    -o CMakeFiles/cmTC_1d1e7.dir/CheckIncludeFiles.c.o   -c /Users/liliqiang/Documents/VisualSFM/CMVS-PMVS-master/program/build/CMakeFiles/CMakeTmp/CheckIncludeFiles.c
Linking C executable cmTC_1d1e7
/usr/local/bin/cmake -E cmake_link_script CMakeFiles/cmTC_1d1e7.dir/link.txt --verbose=1
/Library/Developer/CommandLineTools/usr/bin/cc   -Wl,-search_paths_first -Wl,-headerpad_max_install_names   CMakeFiles/cmTC_1d1e7.dir/CheckIncludeFiles.c.o  -o cmTC_1d1e7 


Determining if files strings.h exist passed with the following output:
Change Dir: /Users/liliqiang/Documents/VisualSFM/CMVS-PMVS-master/program/build/CMakeFiles/CMakeTmp

Run Build Command:"/usr/bin/make" "cmTC_07a39/fast"
/Library/Developer/CommandLineTools/usr/bin/make -f CMakeFiles/cmTC_07a39.dir/build.make CMakeFiles/cmTC_07a39.dir/build
Building C object CMakeFiles/cmTC_07a39.dir/CheckIncludeFiles.c.o
/Library/Developer/CommandLineTools/usr/bin/cc    -o CMakeFiles/cmTC_07a39.dir/CheckIncludeFiles.c.o   -c /Users/liliqiang/Documents/VisualSFM/CMVS-PMVS-master/program/build/CMakeFiles/CMakeTmp/CheckIncludeFiles.c
Linking C executable cmTC_07a39
/usr/local/bin/cmake -E cmake_link_script CMakeFiles/cmTC_07a39.dir/link.txt --verbose=1
/Library/Developer/CommandLineTools/usr/bin/cc   -Wl,-search_paths_first -Wl,-headerpad_max_install_names   CMakeFiles/cmTC_07a39.dir/CheckIncludeFiles.c.o  -o cmTC_07a39 


Determining if files sys/stat.h exist passed with the following output:
Change Dir: /Users/liliqiang/Documents/VisualSFM/CMVS-PMVS-master/program/build/CMakeFiles/CMakeTmp

Run Build Command:"/usr/bin/make" "cmTC_52fa9/fast"
/Library/Developer/CommandLineTools/usr/bin/make -f CMakeFiles/cmTC_52fa9.dir/build.make CMakeFiles/cmTC_52fa9.dir/build
Building C object CMakeFiles/cmTC_52fa9.dir/CheckIncludeFiles.c.o
/Library/Developer/CommandLineTools/usr/bin/cc    -o CMakeFiles/cmTC_52fa9.dir/CheckIncludeFiles.c.o   -c /Users/liliqiang/Documents/VisualSFM/CMVS-PMVS-master/program/build/CMakeFiles/CMakeTmp/CheckIncludeFiles.c
Linking C executable cmTC_52fa9
/usr/local/bin/cmake -E cmake_link_script CMakeFiles/cmTC_52fa9.dir/link.txt --verbose=1
/Library/Developer/CommandLineTools/usr/bin/cc   -Wl,-search_paths_first -Wl,-headerpad_max_install_names   CMakeFiles/cmTC_52fa9.dir/CheckIncludeFiles.c.o  -o cmTC_52fa9 


Determining if files inttypes.h exist passed with the following output:
Change Dir: /Users/liliqiang/Documents/VisualSFM/CMVS-PMVS-master/program/build/CMakeFiles/CMakeTmp

Run Build Command:"/usr/bin/make" "cmTC_64fb1/fast"
/Library/Developer/CommandLineTools/usr/bin/make -f CMakeFiles/cmTC_64fb1.dir/build.make CMakeFiles/cmTC_64fb1.dir/build
Building C object CMakeFiles/cmTC_64fb1.dir/CheckIncludeFiles.c.o
/Library/Developer/CommandLineTools/usr/bin/cc    -o CMakeFiles/cmTC_64fb1.dir/CheckIncludeFiles.c.o   -c /Users/liliqiang/Documents/VisualSFM/CMVS-PMVS-master/program/build/CMakeFiles/CMakeTmp/CheckIncludeFiles.c
Linking C executable cmTC_64fb1
/usr/local/bin/cmake -E cmake_link_script CMakeFiles/cmTC_64fb1.dir/link.txt --verbose=1
/Library/Developer/CommandLineTools/usr/bin/cc   -Wl,-search_paths_first -Wl,-headerpad_max_install_names   CMakeFiles/cmTC_64fb1.dir/CheckIncludeFiles.c.o  -o cmTC_64fb1 


Determining if files memory.h exist passed with the following output:
Change Dir: /Users/liliqiang/Documents/VisualSFM/CMVS-PMVS-master/program/build/CMakeFiles/CMakeTmp

Run Build Command:"/usr/bin/make" "cmTC_0a60a/fast"
/Library/Developer/CommandLineTools/usr/bin/make -f CMakeFiles/cmTC_0a60a.dir/build.make CMakeFiles/cmTC_0a60a.dir/build
Building C object CMakeFiles/cmTC_0a60a.dir/CheckIncludeFiles.c.o
/Library/Developer/CommandLineTools/usr/bin/cc    -o CMakeFiles/cmTC_0a60a.dir/CheckIncludeFiles.c.o   -c /Users/liliqiang/Documents/VisualSFM/CMVS-PMVS-master/program/build/CMakeFiles/CMakeTmp/CheckIncludeFiles.c
Linking C executable cmTC_0a60a
/usr/local/bin/cmake -E cmake_link_script CMakeFiles/cmTC_0a60a.dir/link.txt --verbose=1
/Library/Developer/CommandLineTools/usr/bin/cc   -Wl,-search_paths_first -Wl,-headerpad_max_install_names   CMakeFiles/cmTC_0a60a.dir/CheckIncludeFiles.c.o  -o cmTC_0a60a 


Determining if files stdlib.h exist passed with the following output:
Change Dir: /Users/liliqiang/Documents/VisualSFM/CMVS-PMVS-master/program/build/CMakeFiles/CMakeTmp

Run Build Command:"/usr/bin/make" "cmTC_8130c/fast"
/Library/Developer/CommandLineTools/usr/bin/make -f CMakeFiles/cmTC_8130c.dir/build.make CMakeFiles/cmTC_8130c.dir/build
Building C object CMakeFiles/cmTC_8130c.dir/CheckIncludeFiles.c.o
/Library/Developer/CommandLineTools/usr/bin/cc    -o CMakeFiles/cmTC_8130c.dir/CheckIncludeFiles.c.o   -c /Users/liliqiang/Documents/VisualSFM/CMVS-PMVS-master/program/build/CMakeFiles/CMakeTmp/CheckIncludeFiles.c
Linking C executable cmTC_8130c
/usr/local/bin/cmake -E cmake_link_script CMakeFiles/cmTC_8130c.dir/link.txt --verbose=1
/Library/Developer/CommandLineTools/usr/bin/cc   -Wl,-search_paths_first -Wl,-headerpad_max_install_names   CMakeFiles/cmTC_8130c.dir/CheckIncludeFiles.c.o  -o cmTC_8130c 


Determining if files stdint.h exist passed with the following output:
Change Dir: /Users/liliqiang/Documents/VisualSFM/CMVS-PMVS-master/program/build/CMakeFiles/CMakeTmp

Run Build Command:"/usr/bin/make" "cmTC_ff296/fast"
/Library/Developer/CommandLineTools/usr/bin/make -f CMakeFiles/cmTC_ff296.dir/build.make CMakeFiles/cmTC_ff296.dir/build
Building C object CMakeFiles/cmTC_ff296.dir/CheckIncludeFiles.c.o
/Library/Developer/CommandLineTools/usr/bin/cc    -o CMakeFiles/cmTC_ff296.dir/CheckIncludeFiles.c.o   -c /Users/liliqiang/Documents/VisualSFM/CMVS-PMVS-master/program/build/CMakeFiles/CMakeTmp/CheckIncludeFiles.c
Linking C executable cmTC_ff296
/usr/local/bin/cmake -E cmake_link_script CMakeFiles/cmTC_ff296.dir/link.txt --verbose=1
/Library/Developer/CommandLineTools/usr/bin/cc   -Wl,-search_paths_first -Wl,-headerpad_max_install_names   CMakeFiles/cmTC_ff296.dir/CheckIncludeFiles.c.o  -o cmTC_ff296 


Determining if files sys/types.h exist passed with the following output:
Change Dir: /Users/liliqiang/Documents/VisualSFM/CMVS-PMVS-master/program/build/CMakeFiles/CMakeTmp

Run Build Command:"/usr/bin/make" "cmTC_c5985/fast"
/Library/Developer/CommandLineTools/usr/bin/make -f CMakeFiles/cmTC_c5985.dir/build.make CMakeFiles/cmTC_c5985.dir/build
Building C object CMakeFiles/cmTC_c5985.dir/CheckIncludeFiles.c.o
/Library/Developer/CommandLineTools/usr/bin/cc    -o CMakeFiles/cmTC_c5985.dir/CheckIncludeFiles.c.o   -c /Users/liliqiang/Documents/VisualSFM/CMVS-PMVS-master/program/build/CMakeFiles/CMakeTmp/CheckIncludeFiles.c
Linking C executable cmTC_c5985
/usr/local/bin/cmake -E cmake_link_script CMakeFiles/cmTC_c5985.dir/link.txt --verbose=1
/Library/Developer/CommandLineTools/usr/bin/cc   -Wl,-search_paths_first -Wl,-headerpad_max_install_names   CMakeFiles/cmTC_c5985.dir/CheckIncludeFiles.c.o  -o cmTC_c5985 


Determining if the function isinf exists passed with the following output:
Change Dir: /Users/liliqiang/Documents/VisualSFM/CMVS-PMVS-master/program/build/CMakeFiles/CMakeTmp

Run Build Command:"/usr/bin/make" "cmTC_060bb/fast"
/Library/Developer/CommandLineTools/usr/bin/make -f CMakeFiles/cmTC_060bb.dir/build.make CMakeFiles/cmTC_060bb.dir/build
Building C object CMakeFiles/cmTC_060bb.dir/CheckFunctionExists.c.o
/Library/Developer/CommandLineTools/usr/bin/cc   -DCHECK_FUNCTION_EXISTS=isinf   -o CMakeFiles/cmTC_060bb.dir/CheckFunctionExists.c.o   -c /usr/local/share/cmake-3.8/Modules/CheckFunctionExists.c
Linking C executable cmTC_060bb
/usr/local/bin/cmake -E cmake_link_script CMakeFiles/cmTC_060bb.dir/link.txt --verbose=1
/Library/Developer/CommandLineTools/usr/bin/cc  -DCHECK_FUNCTION_EXISTS=isinf -Wl,-search_paths_first -Wl,-headerpad_max_install_names   CMakeFiles/cmTC_060bb.dir/CheckFunctionExists.c.o  -o cmTC_060bb 


Determining if the function isinf exists passed with the following output:
Change Dir: /Users/liliqiang/Documents/VisualSFM/CMVS-PMVS-master/program/build/CMakeFiles/CMakeTmp

Run Build Command:"/usr/bin/make" "cmTC_ac5da/fast"
/Library/Developer/CommandLineTools/usr/bin/make -f CMakeFiles/cmTC_ac5da.dir/build.make CMakeFiles/cmTC_ac5da.dir/build
Building C object CMakeFiles/cmTC_ac5da.dir/CheckFunctionExists.c.o
/Library/Developer/CommandLineTools/usr/bin/cc   -DCHECK_FUNCTION_EXISTS=isinf   -o CMakeFiles/cmTC_ac5da.dir/CheckFunctionExists.c.o   -c /usr/local/share/cmake-3.8/Modules/CheckFunctionExists.c
Linking C executable cmTC_ac5da
/usr/local/bin/cmake -E cmake_link_script CMakeFiles/cmTC_ac5da.dir/link.txt --verbose=1
/Library/Developer/CommandLineTools/usr/bin/cc  -DCHECK_FUNCTION_EXISTS=isinf -Wl,-search_paths_first -Wl,-headerpad_max_install_names   CMakeFiles/cmTC_ac5da.dir/CheckFunctionExists.c.o  -o cmTC_ac5da 


Determining if the function gettimeofday exists passed with the following output:
Change Dir: /Users/liliqiang/Documents/VisualSFM/CMVS-PMVS-master/program/build/CMakeFiles/CMakeTmp

Run Build Command:"/usr/bin/make" "cmTC_9de35/fast"
/Library/Developer/CommandLineTools/usr/bin/make -f CMakeFiles/cmTC_9de35.dir/build.make CMakeFiles/cmTC_9de35.dir/build
Building C object CMakeFiles/cmTC_9de35.dir/CheckFunctionExists.c.o
/Library/Developer/CommandLineTools/usr/bin/cc   -DCHECK_FUNCTION_EXISTS=gettimeofday   -o CMakeFiles/cmTC_9de35.dir/CheckFunctionExists.c.o   -c /usr/local/share/cmake-3.8/Modules/CheckFunctionExists.c
Linking C executable cmTC_9de35
/usr/local/bin/cmake -E cmake_link_script CMakeFiles/cmTC_9de35.dir/link.txt --verbose=1
/Library/Developer/CommandLineTools/usr/bin/cc  -DCHECK_FUNCTION_EXISTS=gettimeofday -Wl,-search_paths_first -Wl,-headerpad_max_install_names   CMakeFiles/cmTC_9de35.dir/CheckFunctionExists.c.o  -o cmTC_9de35 


Determining if the function qsort_r exists passed with the following output:
Change Dir: /Users/liliqiang/Documents/VisualSFM/CMVS-PMVS-master/program/build/CMakeFiles/CMakeTmp

Run Build Command:"/usr/bin/make" "cmTC_ea599/fast"
/Library/Developer/CommandLineTools/usr/bin/make -f CMakeFiles/cmTC_ea599.dir/build.make CMakeFiles/cmTC_ea599.dir/build
Building C object CMakeFiles/cmTC_ea599.dir/CheckFunctionExists.c.o
/Library/Developer/CommandLineTools/usr/bin/cc   -DCHECK_FUNCTION_EXISTS=qsort_r   -o CMakeFiles/cmTC_ea599.dir/CheckFunctionExists.c.o   -c /usr/local/share/cmake-3.8/Modules/CheckFunctionExists.c
Linking C executable cmTC_ea599
/usr/local/bin/cmake -E cmake_link_script CMakeFiles/cmTC_ea599.dir/link.txt --verbose=1
/Library/Developer/CommandLineTools/usr/bin/cc  -DCHECK_FUNCTION_EXISTS=qsort_r -Wl,-search_paths_first -Wl,-headerpad_max_install_names   CMakeFiles/cmTC_ea599.dir/CheckFunctionExists.c.o  -o cmTC_ea599 


Determining if the function time exists passed with the following output:
Change Dir: /Users/liliqiang/Documents/VisualSFM/CMVS-PMVS-master/program/build/CMakeFiles/CMakeTmp

Run Build Command:"/usr/bin/make" "cmTC_32250/fast"
/Library/Developer/CommandLineTools/usr/bin/make -f CMakeFiles/cmTC_32250.dir/build.make CMakeFiles/cmTC_32250.dir/build
Building C object CMakeFiles/cmTC_32250.dir/CheckFunctionExists.c.o
/Library/Developer/CommandLineTools/usr/bin/cc   -DCHECK_FUNCTION_EXISTS=time   -o CMakeFiles/cmTC_32250.dir/CheckFunctionExists.c.o   -c /usr/local/share/cmake-3.8/Modules/CheckFunctionExists.c
Linking C executable cmTC_32250
/usr/local/bin/cmake -E cmake_link_script CMakeFiles/cmTC_32250.dir/link.txt --verbose=1
/Library/Developer/CommandLineTools/usr/bin/cc  -DCHECK_FUNCTION_EXISTS=time -Wl,-search_paths_first -Wl,-headerpad_max_install_names   CMakeFiles/cmTC_32250.dir/CheckFunctionExists.c.o  -o cmTC_32250 


Determining if the function copysign exists passed with the following output:
Change Dir: /Users/liliqiang/Documents/VisualSFM/CMVS-PMVS-master/program/build/CMakeFiles/CMakeTmp

Run Build Command:"/usr/bin/make" "cmTC_9aa60/fast"
/Library/Developer/CommandLineTools/usr/bin/make -f CMakeFiles/cmTC_9aa60.dir/build.make CMakeFiles/cmTC_9aa60.dir/build
Building C object CMakeFiles/cmTC_9aa60.dir/CheckFunctionExists.c.o
/Library/Developer/CommandLineTools/usr/bin/cc   -DCHECK_FUNCTION_EXISTS=copysign   -o CMakeFiles/cmTC_9aa60.dir/CheckFunctionExists.c.o   -c /usr/local/share/cmake-3.8/Modules/CheckFunctionExists.c
/usr/local/share/cmake-3.8/Modules/CheckFunctionExists.c:7:3: warning: incompatible redeclaration of library function 'copysign' [-Wincompatible-library-redeclaration]
  CHECK_FUNCTION_EXISTS(void);
  ^
<command line>:1:31: note: expanded from here
#define CHECK_FUNCTION_EXISTS copysign
                              ^
/usr/local/share/cmake-3.8/Modules/CheckFunctionExists.c:7:3: note: 'copysign' is a builtin with type 'double (double, double)'
<command line>:1:31: note: expanded from here
#define CHECK_FUNCTION_EXISTS copysign
                              ^
1 warning generated.
Linking C executable cmTC_9aa60
/usr/local/bin/cmake -E cmake_link_script CMakeFiles/cmTC_9aa60.dir/link.txt --verbose=1
/Library/Developer/CommandLineTools/usr/bin/cc  -DCHECK_FUNCTION_EXISTS=copysign -Wl,-search_paths_first -Wl,-headerpad_max_install_names   CMakeFiles/cmTC_9aa60.dir/CheckFunctionExists.c.o  -o cmTC_9aa60 


Determining if the include file stddef.h exists passed with the following output:
Change Dir: /Users/liliqiang/Documents/VisualSFM/CMVS-PMVS-master/program/build/CMakeFiles/CMakeTmp

Run Build Command:"/usr/bin/make" "cmTC_27308/fast"
/Library/Developer/CommandLineTools/usr/bin/make -f CMakeFiles/cmTC_27308.dir/build.make CMakeFiles/cmTC_27308.dir/build
Building C object CMakeFiles/cmTC_27308.dir/CheckIncludeFile.c.o
/Library/Developer/CommandLineTools/usr/bin/cc    -o CMakeFiles/cmTC_27308.dir/CheckIncludeFile.c.o   -c /Users/liliqiang/Documents/VisualSFM/CMVS-PMVS-master/program/build/CMakeFiles/CMakeTmp/CheckIncludeFile.c
Linking C executable cmTC_27308
/usr/local/bin/cmake -E cmake_link_script CMakeFiles/cmTC_27308.dir/link.txt --verbose=1
/Library/Developer/CommandLineTools/usr/bin/cc   -Wl,-search_paths_first -Wl,-headerpad_max_install_names   CMakeFiles/cmTC_27308.dir/CheckIncludeFile.c.o  -o cmTC_27308 


Determining size of uint32_t passed with the following output:
Change Dir: /Users/liliqiang/Documents/VisualSFM/CMVS-PMVS-master/program/build/CMakeFiles/CMakeTmp

Run Build Command:"/usr/bin/make" "cmTC_cb630/fast"
/Library/Developer/CommandLineTools/usr/bin/make -f CMakeFiles/cmTC_cb630.dir/build.make CMakeFiles/cmTC_cb630.dir/build
Building C object CMakeFiles/cmTC_cb630.dir/UINT32_T.c.o
/Library/Developer/CommandLineTools/usr/bin/cc    -o CMakeFiles/cmTC_cb630.dir/UINT32_T.c.o   -c /Users/liliqiang/Documents/VisualSFM/CMVS-PMVS-master/program/build/CMakeFiles/CheckTypeSize/UINT32_T.c
Linking C executable cmTC_cb630
/usr/local/bin/cmake -E cmake_link_script CMakeFiles/cmTC_cb630.dir/link.txt --verbose=1
/Library/Developer/CommandLineTools/usr/bin/cc   -Wl,-search_paths_first -Wl,-headerpad_max_install_names   CMakeFiles/cmTC_cb630.dir/UINT32_T.c.o  -o cmTC_cb630 


